# JRE version: OpenJDK Runtime Environment Temurin-21.0.9+10 (21.0.9+10) (build 21.0.9+10-LTS)
# Java VM: OpenJDK 64-Bit Server VM Temurin-21.0.9+10 (21.0.9+10-LTS, mixed mode, sharing, tiered, compressed oops, compressed class ptrs, parallel gc, windows-amd64)
GC Precious Log:
 CardTable entry size: 512
 CPUs: 8 total, 8 available
 Memory: 7975M
 Large Page Support: Disabled
 NUMA Support: Disabled
 Compressed Oops: Enabled (32-bit)
 Alignments: Space 512K, Generation 512K, Heap 2M
 Heap Min Capacity: 100M
 Heap Initial Capacity: 100M
 Heap Max Capacity: 2G
 Pre-touch: Disabled
 Parallel Workers: 8
Heap:
 PSYoungGen      total 3072K, used 1039K [0x00000000d5580000, 0x00000000d5980000, 0x0000000100000000)
  eden space 2048K, 16% used [0x00000000d5580000,0x00000000d55d4168,0x00000000d5780000)
  from space 1024K, 68% used [0x00000000d5780000,0x00000000d582fbf8,0x00000000d5880000)
  to   space 1024K, 0% used [0x00000000d5880000,0x00000000d5880000,0x00000000d5980000)
 ParOldGen       total 614400K, used 255585K [0x0000000080000000, 0x00000000a5800000, 0x00000000d5580000)
  object space 614400K, 41% used [0x0000000080000000,0x000000008f998468,0x00000000a5800000)
 Metaspace       used 84597K, committed 86272K, reserved 1179648K
  class space    used 8874K, committed 9600K, reserved 1048576K
GC Heap History (20 events):
Event: 4413.081 GC heap before
{Heap before GC invocations=544 (full 5):
 PSYoungGen      total 3072K, used 2676K [0x00000000d5580000, 0x00000000d5900000, 0x0000000100000000)
  eden space 2560K, 98% used [0x00000000d5580000,0x00000000d57f50b0,0x00000000d5800000)
  from space 512K, 31% used [0x00000000d5800000,0x00000000d5828000,0x00000000d5880000)
  to   space 512K, 0% used [0x00000000d5880000,0x00000000d5880000,0x00000000d5900000)
 ParOldGen       total 614400K, used 248267K [0x0000000080000000, 0x00000000a5800000, 0x00000000d5580000)
  object space 614400K, 40% used [0x0000000080000000,0x000000008f272d28,0x00000000a5800000)
 Metaspace       used 83596K, committed 85312K, reserved 1179648K
  class space    used 8746K, committed 9472K, reserved 1048576K
}
Event: 4413.088 GC heap after
{Heap after GC invocations=544 (full 5):
 PSYoungGen      total 2560K, used 478K [0x00000000d5580000, 0x00000000d5a00000, 0x0000000100000000)
  eden space 2048K, 0% used [0x00000000d5580000,0x00000000d5580000,0x00000000d5780000)
  from space 512K, 93% used [0x00000000d5880000,0x00000000d58f78b0,0x00000000d5900000)
  to   space 1024K, 0% used [0x00000000d5780000,0x00000000d5780000,0x00000000d5880000)
 ParOldGen       total 614400K, used 248315K [0x0000000080000000, 0x00000000a5800000, 0x00000000d5580000)
  object space 614400K, 40% used [0x0000000080000000,0x000000008f27ed38,0x00000000a5800000)
 Metaspace       used 83596K, committed 85312K, reserved 1179648K
  class space    used 8746K, committed 9472K, reserved 1048576K
}
Event: 4413.354 GC heap before
{Heap before GC invocations=545 (full 5):
 PSYoungGen      total 2560K, used 2526K [0x00000000d5580000, 0x00000000d5a00000, 0x0000000100000000)
  eden space 2048K, 100% used [0x00000000d5580000,0x00000000d5780000,0x00000000d5780000)
  from space 512K, 93% used [0x00000000d5880000,0x00000000d58f78b0,0x00000000d5900000)
  to   space 1024K, 0% used [0x00000000d5780000,0x00000000d5780000,0x00000000d5880000)
 ParOldGen       total 614400K, used 248315K [0x0000000080000000, 0x00000000a5800000, 0x00000000d5580000)
  object space 614400K, 40% used [0x0000000080000000,0x000000008f27ed38,0x00000000a5800000)
 Metaspace       used 83608K, committed 85312K, reserved 1179648K
  class space    used 8746K, committed 9472K, reserved 1048576K
}
Event: 4413.359 GC heap after
{Heap after GC invocations=545 (full 5):
 PSYoungGen      total 3072K, used 1002K [0x00000000d5580000, 0x00000000d5a80000, 0x0000000100000000)
  eden space 2048K, 0% used [0x00000000d5580000,0x00000000d5580000,0x00000000d5780000)
  from space 1024K, 97% used [0x00000000d5780000,0x00000000d587a980,0x00000000d5880000)
  to   space 1536K, 0% used [0x00000000d5900000,0x00000000d5900000,0x00000000d5a80000)
 ParOldGen       total 614400K, used 248639K [0x0000000080000000, 0x00000000a5800000, 0x00000000d5580000)
  object space 614400K, 40% used [0x0000000080000000,0x000000008f2cfd48,0x00000000a5800000)
 Metaspace       used 83608K, committed 85312K, reserved 1179648K
  class space    used 8746K, committed 9472K, reserved 1048576K
}
Event: 4512.918 GC heap before
{Heap before GC invocations=546 (full 5):
 PSYoungGen      total 3072K, used 3050K [0x00000000d5580000, 0x00000000d5a80000, 0x0000000100000000)
  eden space 2048K, 99% used [0x00000000d5580000,0x00000000d577fff8,0x00000000d5780000)
  from space 1024K, 97% used [0x00000000d5780000,0x00000000d587a980,0x00000000d5880000)
  to   space 1536K, 0% used [0x00000000d5900000,0x00000000d5900000,0x00000000d5a80000)
 ParOldGen       total 614400K, used 248639K [0x0000000080000000, 0x00000000a5800000, 0x00000000d5580000)
  object space 614400K, 40% used [0x0000000080000000,0x000000008f2cfd48,0x00000000a5800000)
 Metaspace       used 83613K, committed 85312K, reserved 1179648K
  class space    used 8746K, committed 9472K, reserved 1048576K
}
Event: 4512.935 GC heap after
{Heap after GC invocations=546 (full 5):
 PSYoungGen      total 3584K, used 1050K [0x00000000d5580000, 0x00000000d5a80000, 0x0000000100000000)
  eden space 2048K, 0% used [0x00000000d5580000,0x00000000d5580000,0x00000000d5780000)
  from space 1536K, 68% used [0x00000000d5900000,0x00000000d5a06970,0x00000000d5a80000)
  to   space 1536K, 0% used [0x00000000d5780000,0x00000000d5780000,0x00000000d5900000)
 ParOldGen       total 614400K, used 249550K [0x0000000080000000, 0x00000000a5800000, 0x00000000d5580000)
  object space 614400K, 40% used [0x0000000080000000,0x000000008f3b3b38,0x00000000a5800000)
 Metaspace       used 83613K, committed 85312K, reserved 1179648K
  class space    used 8746K, committed 9472K, reserved 1048576K
}
Event: 4513.383 GC heap before
{Heap before GC invocations=547 (full 5):
 PSYoungGen      total 3584K, used 3098K [0x00000000d5580000, 0x00000000d5a80000, 0x0000000100000000)
  eden space 2048K, 100% used [0x00000000d5580000,0x00000000d5780000,0x00000000d5780000)
  from space 1536K, 68% used [0x00000000d5900000,0x00000000d5a06970,0x00000000d5a80000)
  to   space 1536K, 0% used [0x00000000d5780000,0x00000000d5780000,0x00000000d5900000)
 ParOldGen       total 614400K, used 249550K [0x0000000080000000, 0x00000000a5800000, 0x00000000d5580000)
  object space 614400K, 40% used [0x0000000080000000,0x000000008f3b3b38,0x00000000a5800000)
 Metaspace       used 83719K, committed 85440K, reserved 1179648K
  class space    used 8752K, committed 9472K, reserved 1048576K
}
Event: 4513.385 GC heap after
{Heap after GC invocations=547 (full 5):
 PSYoungGen      total 3072K, used 606K [0x00000000d5580000, 0x00000000d5980000, 0x0000000100000000)
  eden space 2048K, 0% used [0x00000000d5580000,0x00000000d5580000,0x00000000d5780000)
  from space 1024K, 59% used [0x00000000d5780000,0x00000000d5817890,0x00000000d5880000)
  to   space 1024K, 0% used [0x00000000d5880000,0x00000000d5880000,0x00000000d5980000)
 ParOldGen       total 614400K, used 249550K [0x0000000080000000, 0x00000000a5800000, 0x00000000d5580000)
  object space 614400K, 40% used [0x0000000080000000,0x000000008f3b3b38,0x00000000a5800000)
 Metaspace       used 83719K, committed 85440K, reserved 1179648K
  class space    used 8752K, committed 9472K, reserved 1048576K
}
Event: 4513.583 GC heap before
{Heap before GC invocations=548 (full 5):
 PSYoungGen      total 3072K, used 2654K [0x00000000d5580000, 0x00000000d5980000, 0x0000000100000000)
  eden space 2048K, 100% used [0x00000000d5580000,0x00000000d5780000,0x00000000d5780000)
  from space 1024K, 59% used [0x00000000d5780000,0x00000000d5817890,0x00000000d5880000)
  to   space 1024K, 0% used [0x00000000d5880000,0x00000000d5880000,0x00000000d5980000)
 ParOldGen       total 614400K, used 250991K [0x0000000080000000, 0x00000000a5800000, 0x00000000d5580000)
  object space 614400K, 40% used [0x0000000080000000,0x000000008f51bf60,0x00000000a5800000)
 Metaspace       used 83770K, committed 85440K, reserved 1179648K
  class space    used 8755K, committed 9472K, reserved 1048576K
}
Event: 4513.588 GC heap after
{Heap after GC invocations=548 (full 5):
 PSYoungGen      total 3072K, used 796K [0x00000000d5580000, 0x00000000d5980000, 0x0000000100000000)
  eden space 2048K, 0% used [0x00000000d5580000,0x00000000d5580000,0x00000000d5780000)
  from space 1024K, 77% used [0x00000000d5880000,0x00000000d5947100,0x00000000d5980000)
  to   space 1024K, 0% used [0x00000000d5780000,0x00000000d5780000,0x00000000d5880000)
 ParOldGen       total 614400K, used 250991K [0x0000000080000000, 0x00000000a5800000, 0x00000000d5580000)
  object space 614400K, 40% used [0x0000000080000000,0x000000008f51bf60,0x00000000a5800000)
 Metaspace       used 83770K, committed 85440K, reserved 1179648K
  class space    used 8755K, committed 9472K, reserved 1048576K
}
Event: 4513.757 GC heap before
{Heap before GC invocations=549 (full 5):
 PSYoungGen      total 3072K, used 2824K [0x00000000d5580000, 0x00000000d5980000, 0x0000000100000000)
  eden space 2048K, 99% used [0x00000000d5580000,0x00000000d577b1f0,0x00000000d5780000)
  from space 1024K, 77% used [0x00000000d5880000,0x00000000d5947100,0x00000000d5980000)
  to   space 1024K, 0% used [0x00000000d5780000,0x00000000d5780000,0x00000000d5880000)
 ParOldGen       total 614400K, used 253873K [0x0000000080000000, 0x00000000a5800000, 0x00000000d5580000)
  object space 614400K, 41% used [0x0000000080000000,0x000000008f7ec7b0,0x00000000a5800000)
 Metaspace       used 83775K, committed 85440K, reserved 1179648K
  class space    used 8756K, committed 9472K, reserved 1048576K
}
Event: 4513.761 GC heap after
{Heap after GC invocations=549 (full 5):
 PSYoungGen      total 3072K, used 732K [0x00000000d5580000, 0x00000000d5980000, 0x0000000100000000)
  eden space 2048K, 0% used [0x00000000d5580000,0x00000000d5580000,0x00000000d5780000)
  from space 1024K, 71% used [0x00000000d5780000,0x00000000d5837110,0x00000000d5880000)
  to   space 1024K, 0% used [0x00000000d5880000,0x00000000d5880000,0x00000000d5980000)
 ParOldGen       total 614400K, used 253873K [0x0000000080000000, 0x00000000a5800000, 0x00000000d5580000)
  object space 614400K, 41% used [0x0000000080000000,0x000000008f7ec7b0,0x00000000a5800000)
 Metaspace       used 83775K, committed 85440K, reserved 1179648K
  class space    used 8756K, committed 9472K, reserved 1048576K
}
Event: 4513.795 GC heap before
{Heap before GC invocations=550 (full 5):
 PSYoungGen      total 3072K, used 2780K [0x00000000d5580000, 0x00000000d5980000, 0x0000000100000000)
  eden space 2048K, 100% used [0x00000000d5580000,0x00000000d5780000,0x00000000d5780000)
  from space 1024K, 71% used [0x00000000d5780000,0x00000000d5837110,0x00000000d5880000)
  to   space 1024K, 0% used [0x00000000d5880000,0x00000000d5880000,0x00000000d5980000)
 ParOldGen       total 614400K, used 255314K [0x0000000080000000, 0x00000000a5800000, 0x00000000d5580000)
  object space 614400K, 41% used [0x0000000080000000,0x000000008f954bd8,0x00000000a5800000)
 Metaspace       used 83775K, committed 85440K, reserved 1179648K
  class space    used 8756K, committed 9472K, reserved 1048576K
}
Event: 4513.798 GC heap after
{Heap after GC invocations=550 (full 5):
 PSYoungGen      total 3072K, used 764K [0x00000000d5580000, 0x00000000d5980000, 0x0000000100000000)
  eden space 2048K, 0% used [0x00000000d5580000,0x00000000d5580000,0x00000000d5780000)
  from space 1024K, 74% used [0x00000000d5880000,0x00000000d593f0b0,0x00000000d5980000)
  to   space 1024K, 0% used [0x00000000d5780000,0x00000000d5780000,0x00000000d5880000)
 ParOldGen       total 614400K, used 255314K [0x0000000080000000, 0x00000000a5800000, 0x00000000d5580000)
  object space 614400K, 41% used [0x0000000080000000,0x000000008f954bd8,0x00000000a5800000)
 Metaspace       used 83775K, committed 85440K, reserved 1179648K
  class space    used 8756K, committed 9472K, reserved 1048576K
}
Event: 4514.002 GC heap before
{Heap before GC invocations=551 (full 5):
 PSYoungGen      total 3072K, used 2811K [0x00000000d5580000, 0x00000000d5980000, 0x0000000100000000)
  eden space 2048K, 99% used [0x00000000d5580000,0x00000000d577fdd8,0x00000000d5780000)
  from space 1024K, 74% used [0x00000000d5880000,0x00000000d593f0b0,0x00000000d5980000)
  to   space 1024K, 0% used [0x00000000d5780000,0x00000000d5780000,0x00000000d5880000)
 ParOldGen       total 614400K, used 255314K [0x0000000080000000, 0x00000000a5800000, 0x00000000d5580000)
  object space 614400K, 41% used [0x0000000080000000,0x000000008f954bd8,0x00000000a5800000)
 Metaspace       used 84081K, committed 85824K, reserved 1179648K
  class space    used 8794K, committed 9536K, reserved 1048576K
}
Event: 4514.004 GC heap after
{Heap after GC invocations=551 (full 5):
 PSYoungGen      total 3072K, used 414K [0x00000000d5580000, 0x00000000d5980000, 0x0000000100000000)
  eden space 2048K, 0% used [0x00000000d5580000,0x00000000d5580000,0x00000000d5780000)
  from space 1024K, 40% used [0x00000000d5780000,0x00000000d57e7bf8,0x00000000d5880000)
  to   space 1024K, 0% used [0x00000000d5880000,0x00000000d5880000,0x00000000d5980000)
 ParOldGen       total 614400K, used 255569K [0x0000000080000000, 0x00000000a5800000, 0x00000000d5580000)
  object space 614400K, 41% used [0x0000000080000000,0x000000008f994468,0x00000000a5800000)
 Metaspace       used 84081K, committed 85824K, reserved 1179648K
  class space    used 8794K, committed 9536K, reserved 1048576K
}
Event: 4514.043 GC heap before
{Heap before GC invocations=552 (full 5):
 PSYoungGen      total 3072K, used 2462K [0x00000000d5580000, 0x00000000d5980000, 0x0000000100000000)
  eden space 2048K, 99% used [0x00000000d5580000,0x00000000d577ffe0,0x00000000d5780000)
  from space 1024K, 40% used [0x00000000d5780000,0x00000000d57e7bf8,0x00000000d5880000)
  to   space 1024K, 0% used [0x00000000d5880000,0x00000000d5880000,0x00000000d5980000)
 ParOldGen       total 614400K, used 255569K [0x0000000080000000, 0x00000000a5800000, 0x00000000d5580000)
  object space 614400K, 41% used [0x0000000080000000,0x000000008f994468,0x00000000a5800000)
 Metaspace       used 84254K, committed 85952K, reserved 1179648K
  class space    used 8830K, committed 9536K, reserved 1048576K
}
Event: 4514.044 GC heap after
{Heap after GC invocations=552 (full 5):
 PSYoungGen      total 3072K, used 671K [0x00000000d5580000, 0x00000000d5980000, 0x0000000100000000)
  eden space 2048K, 0% used [0x00000000d5580000,0x00000000d5580000,0x00000000d5780000)
  from space 1024K, 65% used [0x00000000d5880000,0x00000000d5927c08,0x00000000d5980000)
  to   space 1024K, 0% used [0x00000000d5780000,0x00000000d5780000,0x00000000d5880000)
 ParOldGen       total 614400K, used 255577K [0x0000000080000000, 0x00000000a5800000, 0x00000000d5580000)
  object space 614400K, 41% used [0x0000000080000000,0x000000008f996468,0x00000000a5800000)
 Metaspace       used 84254K, committed 85952K, reserved 1179648K
  class space    used 8830K, committed 9536K, reserved 1048576K
}
Event: 4514.186 GC heap before
{Heap before GC invocations=553 (full 5):
 PSYoungGen      total 3072K, used 2719K [0x00000000d5580000, 0x00000000d5980000, 0x0000000100000000)
  eden space 2048K, 100% used [0x00000000d5580000,0x00000000d5780000,0x00000000d5780000)
  from space 1024K, 65% used [0x00000000d5880000,0x00000000d5927c08,0x00000000d5980000)
  to   space 1024K, 0% used [0x00000000d5780000,0x00000000d5780000,0x00000000d5880000)
 ParOldGen       total 614400K, used 255577K [0x0000000080000000, 0x00000000a5800000, 0x00000000d5580000)
  object space 614400K, 41% used [0x0000000080000000,0x000000008f996468,0x00000000a5800000)
 Metaspace       used 84586K, committed 86272K, reserved 1179648K
  class space    used 8872K, committed 9600K, reserved 1048576K
}
Event: 4514.188 GC heap after
{Heap after GC invocations=553 (full 5):
 PSYoungGen      total 3072K, used 702K [0x00000000d5580000, 0x00000000d5980000, 0x0000000100000000)
  eden space 2048K, 0% used [0x00000000d5580000,0x00000000d5580000,0x00000000d5780000)
  from space 1024K, 68% used [0x00000000d5780000,0x00000000d582fbf8,0x00000000d5880000)
  to   space 1024K, 0% used [0x00000000d5880000,0x00000000d5880000,0x00000000d5980000)
 ParOldGen       total 614400K, used 255585K [0x0000000080000000, 0x00000000a5800000, 0x00000000d5580000)
  object space 614400K, 41% used [0x0000000080000000,0x000000008f998468,0x00000000a5800000)
 Metaspace       used 84586K, committed 86272K, reserved 1179648K
  class space    used 8872K, committed 9600K, reserved 1048576K
}

