# JRE version: OpenJDK Runtime Environment Temurin-21.0.9+10 (21.0.9+10) (build 21.0.9+10-LTS)
# Java VM: OpenJDK 64-Bit Server VM Temurin-21.0.9+10 (21.0.9+10-LTS, mixed mode, sharing, tiered, compressed oops, compressed class ptrs, parallel gc, windows-amd64)
GC Precious Log:
 CardTable entry size: 512
 CPUs: 8 total, 8 available
 Memory: 7975M
 Large Page Support: Disabled
 NUMA Support: Disabled
 Compressed Oops: Enabled (32-bit)
 Alignments: Space 512K, Generation 512K, Heap 2M
 Heap Min Capacity: 100M
 Heap Initial Capacity: 100M
 Heap Max Capacity: 2G
 Pre-touch: Disabled
 Parallel Workers: 8
Heap:
 PSYoungGen      total 5120K, used 1809K [0x00000000d5580000, 0x00000000d6180000, 0x0000000100000000)
  eden space 4096K, 19% used [0x00000000d5580000,0x00000000d56496a8,0x00000000d5980000)
  from space 1024K, 98% used [0x00000000d5980000,0x00000000d5a7b0a0,0x00000000d5a80000)
  to   space 4096K, 0% used [0x00000000d5d80000,0x00000000d5d80000,0x00000000d6180000)
 ParOldGen       total 299008K, used 298900K [0x0000000080000000, 0x0000000092400000, 0x00000000d5580000)
  object space 299008K, 99% used [0x0000000080000000,0x00000000923e5238,0x0000000092400000)
 Metaspace       used 88679K, committed 90304K, reserved 1179648K
  class space    used 8896K, committed 9728K, reserved 1048576K
GC Heap History (20 events):
Event: 6101.750 GC heap before
{Heap before GC invocations=5327 (full 7):
 PSYoungGen      total 7168K, used 4830K [0x00000000d5580000, 0x00000000d5e80000, 0x0000000100000000)
  eden space 4608K, 99% used [0x00000000d5580000,0x00000000d59ff908,0x00000000d5a00000)
  from space 2560K, 8% used [0x00000000d5a00000,0x00000000d5a38000,0x00000000d5c80000)
  to   space 1024K, 0% used [0x00000000d5d80000,0x00000000d5d80000,0x00000000d5e80000)
 ParOldGen       total 288768K, used 288495K [0x0000000080000000, 0x0000000091a00000, 0x00000000d5580000)
  object space 288768K, 99% used [0x0000000080000000,0x00000000919bbd10,0x0000000091a00000)
 Metaspace       used 88672K, committed 90304K, reserved 1179648K
  class space    used 8895K, committed 9728K, reserved 1048576K
}
Event: 6101.753 GC heap after
{Heap after GC invocations=5327 (full 7):
 PSYoungGen      total 5120K, used 256K [0x00000000d5580000, 0x00000000d5e00000, 0x0000000100000000)
  eden space 4608K, 0% used [0x00000000d5580000,0x00000000d5580000,0x00000000d5a00000)
  from space 512K, 50% used [0x00000000d5d80000,0x00000000d5dc0000,0x00000000d5e00000)
  to   space 512K, 0% used [0x00000000d5d00000,0x00000000d5d00000,0x00000000d5d80000)
 ParOldGen       total 288768K, used 288551K [0x0000000080000000, 0x0000000091a00000, 0x00000000d5580000)
  object space 288768K, 99% used [0x0000000080000000,0x00000000919c9d10,0x0000000091a00000)
 Metaspace       used 88672K, committed 90304K, reserved 1179648K
  class space    used 8895K, committed 9728K, reserved 1048576K
}
Event: 6101.761 GC heap before
{Heap before GC invocations=5328 (full 7):
 PSYoungGen      total 5120K, used 4864K [0x00000000d5580000, 0x00000000d5e00000, 0x0000000100000000)
  eden space 4608K, 100% used [0x00000000d5580000,0x00000000d5a00000,0x00000000d5a00000)
  from space 512K, 50% used [0x00000000d5d80000,0x00000000d5dc0000,0x00000000d5e00000)
  to   space 512K, 0% used [0x00000000d5d00000,0x00000000d5d00000,0x00000000d5d80000)
 ParOldGen       total 288768K, used 288551K [0x0000000080000000, 0x0000000091a00000, 0x00000000d5580000)
  object space 288768K, 99% used [0x0000000080000000,0x00000000919c9d10,0x0000000091a00000)
 Metaspace       used 88673K, committed 90304K, reserved 1179648K
  class space    used 8895K, committed 9728K, reserved 1048576K
}
Event: 6101.762 GC heap after
{Heap after GC invocations=5328 (full 7):
 PSYoungGen      total 5120K, used 480K [0x00000000d5580000, 0x00000000d5f00000, 0x0000000100000000)
  eden space 4608K, 0% used [0x00000000d5580000,0x00000000d5580000,0x00000000d5a00000)
  from space 512K, 93% used [0x00000000d5d00000,0x00000000d5d783c0,0x00000000d5d80000)
  to   space 1536K, 0% used [0x00000000d5d80000,0x00000000d5d80000,0x00000000d5f00000)
 ParOldGen       total 290304K, used 290095K [0x0000000080000000, 0x0000000091b80000, 0x00000000d5580000)
  object space 290304K, 99% used [0x0000000080000000,0x0000000091b4be18,0x0000000091b80000)
 Metaspace       used 88673K, committed 90304K, reserved 1179648K
  class space    used 8895K, committed 9728K, reserved 1048576K
}
Event: 6101.773 GC heap before
{Heap before GC invocations=5329 (full 7):
 PSYoungGen      total 5120K, used 5088K [0x00000000d5580000, 0x00000000d5f00000, 0x0000000100000000)
  eden space 4608K, 100% used [0x00000000d5580000,0x00000000d5a00000,0x00000000d5a00000)
  from space 512K, 93% used [0x00000000d5d00000,0x00000000d5d783c0,0x00000000d5d80000)
  to   space 1536K, 0% used [0x00000000d5d80000,0x00000000d5d80000,0x00000000d5f00000)
 ParOldGen       total 290304K, used 290095K [0x0000000080000000, 0x0000000091b80000, 0x00000000d5580000)
  object space 290304K, 99% used [0x0000000080000000,0x0000000091b4be18,0x0000000091b80000)
 Metaspace       used 88673K, committed 90304K, reserved 1179648K
  class space    used 8895K, committed 9728K, reserved 1048576K
}
Event: 6101.778 GC heap after
{Heap after GC invocations=5329 (full 7):
 PSYoungGen      total 6144K, used 1536K [0x00000000d5580000, 0x00000000d5f00000, 0x0000000100000000)
  eden space 4608K, 0% used [0x00000000d5580000,0x00000000d5580000,0x00000000d5a00000)
  from space 1536K, 100% used [0x00000000d5d80000,0x00000000d5f00000,0x00000000d5f00000)
  to   space 2048K, 0% used [0x00000000d5b00000,0x00000000d5b00000,0x00000000d5d00000)
 ParOldGen       total 290816K, used 290574K [0x0000000080000000, 0x0000000091c00000, 0x00000000d5580000)
  object space 290816K, 99% used [0x0000000080000000,0x0000000091bc3ae0,0x0000000091c00000)
 Metaspace       used 88673K, committed 90304K, reserved 1179648K
  class space    used 8895K, committed 9728K, reserved 1048576K
}
Event: 6104.055 GC heap before
{Heap before GC invocations=5330 (full 7):
 PSYoungGen      total 6144K, used 6144K [0x00000000d5580000, 0x00000000d5f00000, 0x0000000100000000)
  eden space 4608K, 100% used [0x00000000d5580000,0x00000000d5a00000,0x00000000d5a00000)
  from space 1536K, 100% used [0x00000000d5d80000,0x00000000d5f00000,0x00000000d5f00000)
  to   space 2048K, 0% used [0x00000000d5b00000,0x00000000d5b00000,0x00000000d5d00000)
 ParOldGen       total 290816K, used 290574K [0x0000000080000000, 0x0000000091c00000, 0x00000000d5580000)
  object space 290816K, 99% used [0x0000000080000000,0x0000000091bc3ae0,0x0000000091c00000)
 Metaspace       used 88676K, committed 90304K, reserved 1179648K
  class space    used 8896K, committed 9728K, reserved 1048576K
}
Event: 6104.057 GC heap after
{Heap after GC invocations=5330 (full 7):
 PSYoungGen      total 6656K, used 640K [0x00000000d5580000, 0x00000000d5e00000, 0x0000000100000000)
  eden space 4608K, 0% used [0x00000000d5580000,0x00000000d5580000,0x00000000d5a00000)
  from space 2048K, 31% used [0x00000000d5b00000,0x00000000d5ba0000,0x00000000d5d00000)
  to   space 1024K, 0% used [0x00000000d5d00000,0x00000000d5d00000,0x00000000d5e00000)
 ParOldGen       total 292352K, used 291944K [0x0000000080000000, 0x0000000091d80000, 0x00000000d5580000)
  object space 292352K, 99% used [0x0000000080000000,0x0000000091d1a280,0x0000000091d80000)
 Metaspace       used 88676K, committed 90304K, reserved 1179648K
  class space    used 8896K, committed 9728K, reserved 1048576K
}
Event: 6104.064 GC heap before
{Heap before GC invocations=5331 (full 7):
 PSYoungGen      total 6656K, used 5248K [0x00000000d5580000, 0x00000000d5e00000, 0x0000000100000000)
  eden space 4608K, 100% used [0x00000000d5580000,0x00000000d5a00000,0x00000000d5a00000)
  from space 2048K, 31% used [0x00000000d5b00000,0x00000000d5ba0000,0x00000000d5d00000)
  to   space 1024K, 0% used [0x00000000d5d00000,0x00000000d5d00000,0x00000000d5e00000)
 ParOldGen       total 292352K, used 291944K [0x0000000080000000, 0x0000000091d80000, 0x00000000d5580000)
  object space 292352K, 99% used [0x0000000080000000,0x0000000091d1a280,0x0000000091d80000)
 Metaspace       used 88676K, committed 90304K, reserved 1179648K
  class space    used 8896K, committed 9728K, reserved 1048576K
}
Event: 6104.066 GC heap after
{Heap after GC invocations=5331 (full 7):
 PSYoungGen      total 4096K, used 1005K [0x00000000d5580000, 0x00000000d6300000, 0x0000000100000000)
  eden space 3072K, 0% used [0x00000000d5580000,0x00000000d5580000,0x00000000d5880000)
  from space 1024K, 98% used [0x00000000d5d00000,0x00000000d5dfb7e0,0x00000000d5e00000)
  to   space 4608K, 0% used [0x00000000d5880000,0x00000000d5880000,0x00000000d5d00000)
 ParOldGen       total 294912K, used 294538K [0x0000000080000000, 0x0000000092000000, 0x00000000d5580000)
  object space 294912K, 99% used [0x0000000080000000,0x0000000091fa2930,0x0000000092000000)
 Metaspace       used 88676K, committed 90304K, reserved 1179648K
  class space    used 8896K, committed 9728K, reserved 1048576K
}
Event: 6104.074 GC heap before
{Heap before GC invocations=5332 (full 7):
 PSYoungGen      total 4096K, used 4077K [0x00000000d5580000, 0x00000000d6300000, 0x0000000100000000)
  eden space 3072K, 100% used [0x00000000d5580000,0x00000000d5880000,0x00000000d5880000)
  from space 1024K, 98% used [0x00000000d5d00000,0x00000000d5dfb7e0,0x00000000d5e00000)
  to   space 4608K, 0% used [0x00000000d5880000,0x00000000d5880000,0x00000000d5d00000)
 ParOldGen       total 294912K, used 294538K [0x0000000080000000, 0x0000000092000000, 0x00000000d5580000)
  object space 294912K, 99% used [0x0000000080000000,0x0000000091fa2930,0x0000000092000000)
 Metaspace       used 88676K, committed 90304K, reserved 1179648K
  class space    used 8896K, committed 9728K, reserved 1048576K
}
Event: 6104.076 GC heap after
{Heap after GC invocations=5332 (full 7):
 PSYoungGen      total 4608K, used 1356K [0x00000000d5580000, 0x00000000d5d80000, 0x0000000100000000)
  eden space 3072K, 0% used [0x00000000d5580000,0x00000000d5580000,0x00000000d5880000)
  from space 1536K, 88% used [0x00000000d5880000,0x00000000d59d30a0,0x00000000d5a00000)
  to   space 2560K, 0% used [0x00000000d5b00000,0x00000000d5b00000,0x00000000d5d80000)
 ParOldGen       total 295424K, used 295253K [0x0000000080000000, 0x0000000092080000, 0x00000000d5580000)
  object space 295424K, 99% used [0x0000000080000000,0x0000000092055410,0x0000000092080000)
 Metaspace       used 88676K, committed 90304K, reserved 1179648K
  class space    used 8896K, committed 9728K, reserved 1048576K
}
Event: 6104.082 GC heap before
{Heap before GC invocations=5333 (full 7):
 PSYoungGen      total 4608K, used 4428K [0x00000000d5580000, 0x00000000d5d80000, 0x0000000100000000)
  eden space 3072K, 100% used [0x00000000d5580000,0x00000000d5880000,0x00000000d5880000)
  from space 1536K, 88% used [0x00000000d5880000,0x00000000d59d30a0,0x00000000d5a00000)
  to   space 2560K, 0% used [0x00000000d5b00000,0x00000000d5b00000,0x00000000d5d80000)
 ParOldGen       total 295424K, used 295253K [0x0000000080000000, 0x0000000092080000, 0x00000000d5580000)
  object space 295424K, 99% used [0x0000000080000000,0x0000000092055410,0x0000000092080000)
 Metaspace       used 88676K, committed 90304K, reserved 1179648K
  class space    used 8896K, committed 9728K, reserved 1048576K
}
Event: 6104.083 GC heap after
{Heap after GC invocations=5333 (full 7):
 PSYoungGen      total 4096K, used 642K [0x00000000d5580000, 0x00000000d5c00000, 0x0000000100000000)
  eden space 3072K, 0% used [0x00000000d5580000,0x00000000d5580000,0x00000000d5880000)
  from space 1024K, 62% used [0x00000000d5b00000,0x00000000d5ba0ae0,0x00000000d5c00000)
  to   space 1536K, 0% used [0x00000000d5900000,0x00000000d5900000,0x00000000d5a80000)
 ParOldGen       total 295424K, used 295269K [0x0000000080000000, 0x0000000092080000, 0x00000000d5580000)
  object space 295424K, 99% used [0x0000000080000000,0x0000000092059410,0x0000000092080000)
 Metaspace       used 88676K, committed 90304K, reserved 1179648K
  class space    used 8896K, committed 9728K, reserved 1048576K
}
Event: 6104.087 GC heap before
{Heap before GC invocations=5334 (full 7):
 PSYoungGen      total 4096K, used 3714K [0x00000000d5580000, 0x00000000d5c00000, 0x0000000100000000)
  eden space 3072K, 99% used [0x00000000d5580000,0x00000000d587ffd8,0x00000000d5880000)
  from space 1024K, 62% used [0x00000000d5b00000,0x00000000d5ba0ae0,0x00000000d5c00000)
  to   space 1536K, 0% used [0x00000000d5900000,0x00000000d5900000,0x00000000d5a80000)
 ParOldGen       total 295424K, used 295269K [0x0000000080000000, 0x0000000092080000, 0x00000000d5580000)
  object space 295424K, 99% used [0x0000000080000000,0x0000000092059410,0x0000000092080000)
 Metaspace       used 88676K, committed 90304K, reserved 1179648K
  class space    used 8896K, committed 9728K, reserved 1048576K
}
Event: 6104.089 GC heap after
{Heap after GC invocations=5334 (full 7):
 PSYoungGen      total 4608K, used 1517K [0x00000000d5580000, 0x00000000d5d80000, 0x0000000100000000)
  eden space 3072K, 0% used [0x00000000d5580000,0x00000000d5580000,0x00000000d5880000)
  from space 1536K, 98% used [0x00000000d5900000,0x00000000d5a7b440,0x00000000d5a80000)
  to   space 2560K, 0% used [0x00000000d5b00000,0x00000000d5b00000,0x00000000d5d80000)
 ParOldGen       total 295936K, used 295844K [0x0000000080000000, 0x0000000092100000, 0x00000000d5580000)
  object space 295936K, 99% used [0x0000000080000000,0x00000000920e91f0,0x0000000092100000)
 Metaspace       used 88676K, committed 90304K, reserved 1179648K
  class space    used 8896K, committed 9728K, reserved 1048576K
}
Event: 6104.094 GC heap before
{Heap before GC invocations=5335 (full 7):
 PSYoungGen      total 4608K, used 4427K [0x00000000d5580000, 0x00000000d5d80000, 0x0000000100000000)
  eden space 3072K, 94% used [0x00000000d5580000,0x00000000d5857ab0,0x00000000d5880000)
  from space 1536K, 98% used [0x00000000d5900000,0x00000000d5a7b440,0x00000000d5a80000)
  to   space 2560K, 0% used [0x00000000d5b00000,0x00000000d5b00000,0x00000000d5d80000)
 ParOldGen       total 295936K, used 295844K [0x0000000080000000, 0x0000000092100000, 0x00000000d5580000)
  object space 295936K, 99% used [0x0000000080000000,0x00000000920e91f0,0x0000000092100000)
 Metaspace       used 88676K, committed 90304K, reserved 1179648K
  class space    used 8896K, committed 9728K, reserved 1048576K
}
Event: 6104.096 GC heap after
{Heap after GC invocations=5335 (full 7):
 PSYoungGen      total 3584K, used 128K [0x00000000d5580000, 0x00000000d5b80000, 0x0000000100000000)
  eden space 3072K, 0% used [0x00000000d5580000,0x00000000d5580000,0x00000000d5880000)
  from space 512K, 25% used [0x00000000d5b00000,0x00000000d5b20000,0x00000000d5b80000)
  to   space 1024K, 0% used [0x00000000d5980000,0x00000000d5980000,0x00000000d5a80000)
 ParOldGen       total 296960K, used 296828K [0x0000000080000000, 0x0000000092200000, 0x00000000d5580000)
  object space 296960K, 99% used [0x0000000080000000,0x00000000921df238,0x0000000092200000)
 Metaspace       used 88676K, committed 90304K, reserved 1179648K
  class space    used 8896K, committed 9728K, reserved 1048576K
}
Event: 6104.099 GC heap before
{Heap before GC invocations=5336 (full 7):
 PSYoungGen      total 3584K, used 3200K [0x00000000d5580000, 0x00000000d5b80000, 0x0000000100000000)
  eden space 3072K, 100% used [0x00000000d5580000,0x00000000d5880000,0x00000000d5880000)
  from space 512K, 25% used [0x00000000d5b00000,0x00000000d5b20000,0x00000000d5b80000)
  to   space 1024K, 0% used [0x00000000d5980000,0x00000000d5980000,0x00000000d5a80000)
 ParOldGen       total 296960K, used 296828K [0x0000000080000000, 0x0000000092200000, 0x00000000d5580000)
  object space 296960K, 99% used [0x0000000080000000,0x00000000921df238,0x0000000092200000)
 Metaspace       used 88676K, committed 90304K, reserved 1179648K
  class space    used 8896K, committed 9728K, reserved 1048576K
}
Event: 6104.101 GC heap after
{Heap after GC invocations=5336 (full 7):
 PSYoungGen      total 5120K, used 1004K [0x00000000d5580000, 0x00000000d6180000, 0x0000000100000000)
  eden space 4096K, 0% used [0x00000000d5580000,0x00000000d5580000,0x00000000d5980000)
  from space 1024K, 98% used [0x00000000d5980000,0x00000000d5a7b0a0,0x00000000d5a80000)
  to   space 4096K, 0% used [0x00000000d5d80000,0x00000000d5d80000,0x00000000d6180000)
 ParOldGen       total 299008K, used 298900K [0x0000000080000000, 0x0000000092400000, 0x00000000d5580000)
  object space 299008K, 99% used [0x0000000080000000,0x00000000923e5238,0x0000000092400000)
 Metaspace       used 88676K, committed 90304K, reserved 1179648K
  class space    used 8896K, committed 9728K, reserved 1048576K
}

